<?xml version="1.0" encoding="UTF-8"?>
<!-- Generated by org.testng.reporters.JUnitReportReporter -->
<testsuite hostname="LAPTOP-D6IT8EFO" failures="0" tests="1" name="com.sevenmartsupermarket.tests.HomePageTest" time="9.264" errors="0" timestamp="2023-05-18T20:58:15 IST" skipped="0">
  <testcase classname="com.sevenmartsupermarket.tests.HomePageTest" name="verifyLogoText" time="9.264"/>
  <system-out/>
</testsuite> <!-- com.sevenmartsupermarket.tests.HomePageTest -->
