<?xml version="1.0" encoding="UTF-8"?>
<!-- Generated by org.testng.reporters.JUnitReportReporter -->
<testsuite hostname="LAPTOP-D6IT8EFO" failures="0" tests="1" name="com.sevenmartsupermarket.tests.ManageDeliveryBoyTest" time="10.847" errors="0" timestamp="2023-05-29T19:18:38 IST" skipped="0">
  <testcase classname="com.sevenmartsupermarket.tests.ManageDeliveryBoyTest" name="verifyDeliveryBoySearch" time="10.847"/>
  <system-out/>
</testsuite> <!-- com.sevenmartsupermarket.tests.ManageDeliveryBoyTest -->
