<?xml version="1.0" encoding="UTF-8"?>
<!-- Generated by org.testng.reporters.JUnitReportReporter -->
<testsuite hostname="LAPTOP-D6IT8EFO" failures="0" tests="1" name="com.sevenmartsupermarket.tests.ManageSliderTest" time="17.013" errors="0" timestamp="2023-05-30T15:12:55 IST" skipped="0">
  <testcase classname="com.sevenmartsupermarket.tests.ManageSliderTest" name="verifyLinkStatus" time="17.013"/>
  <system-out/>
</testsuite> <!-- com.sevenmartsupermarket.tests.ManageSliderTest -->
