<?xml version="1.0" encoding="UTF-8"?>
<!-- Generated by org.testng.reporters.JUnitReportReporter -->
<testsuite hostname="LAPTOP-D6IT8EFO" failures="0" tests="8" name="com.sevenmartsupermarket.tests.LoginTest" time="80.253" errors="0" timestamp="2023-05-11T20:28:20 IST" skipped="0">
  <testcase classname="com.sevenmartsupermarket.tests.LoginTest" name="verifyInvalidLoginErrorMessage" time="9.057"/>
  <system-out/>
  <testcase classname="com.sevenmartsupermarket.tests.LoginTest" name="verifyInvalidLogin" time="6.663"/>
  <system-out/>
  <testcase classname="com.sevenmartsupermarket.tests.LoginTest" name="verifyInvalidLogin" time="12.611"/>
  <system-out/>
  <testcase classname="com.sevenmartsupermarket.tests.LoginTest" name="verifySignInButtonEnabled" time="5.086"/>
  <system-out/>
  <testcase classname="com.sevenmartsupermarket.tests.LoginTest" name="verifyInvalidLogin" time="18.449"/>
  <system-out/>
  <testcase classname="com.sevenmartsupermarket.tests.LoginTest" name="verifyLoginFunctionality" time="7.726"/>
  <system-out/>
  <testcase classname="com.sevenmartsupermarket.tests.LoginTest" name="verifyLogo" time="6.832"/>
  <system-out/>
  <testcase classname="com.sevenmartsupermarket.tests.LoginTest" name="verifyRememberCheckBox" time="13.829"/>
  <system-out/>
</testsuite> <!-- com.sevenmartsupermarket.tests.LoginTest -->
