<?xml version="1.0" encoding="UTF-8"?>
<!-- Generated by org.testng.reporters.JUnitReportReporter -->
<testsuite hostname="LAPTOP-D6IT8EFO" failures="0" tests="1" name="com.sevenmartsupermarket.tests.ManagePagesTest" time="16.939" errors="0" timestamp="2023-05-30T14:54:30 IST" skipped="0">
  <testcase classname="com.sevenmartsupermarket.tests.ManagePagesTest" name="verifySearchPages" time="16.939"/>
  <system-out/>
</testsuite> <!-- com.sevenmartsupermarket.tests.ManagePagesTest -->
