<?xml version="1.0" encoding="UTF-8"?>
<!-- Generated by org.testng.reporters.JUnitReportReporter -->
<testsuite hostname="LAPTOP-D6IT8EFO" failures="0" tests="1" name="com.sevenmartsupermarket.tests.ManagePagesTest" time="10.857" errors="0" timestamp="2023-05-23T19:32:47 IST" skipped="0">
  <testcase classname="com.sevenmartsupermarket.tests.ManagePagesTest" name="verifySearchPages" time="10.857"/>
  <system-out/>
</testsuite> <!-- com.sevenmartsupermarket.tests.ManagePagesTest -->
