<?xml version="1.0" encoding="UTF-8"?>
<!-- Generated by org.testng.reporters.JUnitReportReporter -->
<testsuite hostname="LAPTOP-D6IT8EFO" failures="0" tests="3" name="com.sevenmartsupermarket.tests.LoginTest" time="18.591" errors="0" timestamp="2023-05-23T19:23:57 IST" skipped="0">
  <testcase classname="com.sevenmartsupermarket.tests.LoginTest" name="verifyInvalidLogin" time="5.541"/>
  <system-out/>
  <testcase classname="com.sevenmartsupermarket.tests.LoginTest" name="verifyInvalidLogin" time="7.713"/>
  <system-out/>
  <testcase classname="com.sevenmartsupermarket.tests.LoginTest" name="verifyInvalidLogin" time="5.337"/>
  <system-out/>
</testsuite> <!-- com.sevenmartsupermarket.tests.LoginTest -->
