<?xml version="1.0" encoding="UTF-8"?>
<!-- Generated by org.testng.reporters.JUnitReportReporter -->
<testsuite hostname="LAPTOP-D6IT8EFO" failures="0" tests="2" name="com.sevenmartsupermarket.tests.LoginTest" time="14.833" errors="0" timestamp="2023-05-07T18:53:57 IST" skipped="0">
  <testcase classname="com.sevenmartsupermarket.tests.LoginTest" name="verifyInvalidLoginErrorMessage" time="10.372"/>
  <system-out/>
  <testcase classname="com.sevenmartsupermarket.tests.LoginTest" name="verifyRememberCheckBox" time="4.461"/>
  <system-out/>
</testsuite> <!-- com.sevenmartsupermarket.tests.LoginTest -->
