<?xml version="1.0" encoding="UTF-8"?>
<!-- Generated by org.testng.reporters.JUnitReportReporter -->
<testsuite hostname="LAPTOP-D6IT8EFO" failures="0" tests="1" name="com.sevenmartsupermarket.tests.ManageLocationTest" time="13.180" errors="0" timestamp="2023-05-23T19:29:11 IST" skipped="0">
  <testcase classname="com.sevenmartsupermarket.tests.ManageLocationTest" name="verifyCreationOfLocation" time="13.180"/>
  <system-out/>
</testsuite> <!-- com.sevenmartsupermarket.tests.ManageLocationTest -->
