<?xml version="1.0" encoding="UTF-8"?>
<!-- Generated by org.testng.reporters.JUnitReportReporter -->
<testsuite hostname="LAPTOP-D6IT8EFO" failures="0" tests="1" name="com.sevenmartsupermarket.tests.PushNotificationTest" time="10.269" errors="0" timestamp="2023-05-18T20:58:15 IST" skipped="0">
  <testcase classname="com.sevenmartsupermarket.tests.PushNotificationTest" name="verifyPushNotification" time="10.269"/>
  <system-out/>
</testsuite> <!-- com.sevenmartsupermarket.tests.PushNotificationTest -->
