<?xml version="1.0" encoding="UTF-8"?>
<!-- Generated by org.testng.reporters.JUnitReportReporter -->
<testsuite hostname="LAPTOP-D6IT8EFO" failures="0" tests="1" name="com.sevenmartsupermarket.tests.PushNotificationTest" time="15.472" errors="0" timestamp="2023-05-07T18:37:51 IST" skipped="0">
  <testcase classname="com.sevenmartsupermarket.tests.PushNotificationTest" name="verifyPushNotification" time="15.472"/>
  <system-out/>
</testsuite> <!-- com.sevenmartsupermarket.tests.PushNotificationTest -->
