<?xml version="1.0" encoding="UTF-8"?>
<!-- Generated by org.testng.reporters.JUnitReportReporter -->
<testsuite hostname="LAPTOP-D6IT8EFO" failures="0" tests="2" name="com.sevenmartsupermarket.tests.AdminUsersTest" time="16.876" errors="0" timestamp="2023-05-07T18:37:51 IST" skipped="0">
  <testcase classname="com.sevenmartsupermarket.tests.AdminUsersTest" name="verifyAdminUsers" time="9.203"/>
  <system-out/>
  <testcase classname="com.sevenmartsupermarket.tests.AdminUsersTest" name="verifySearch" time="7.673"/>
  <system-out/>
</testsuite> <!-- com.sevenmartsupermarket.tests.AdminUsersTest -->
