<?xml version="1.0" encoding="UTF-8"?>
<!-- Generated by org.testng.reporters.JUnitReportReporter -->
<testsuite hostname="LAPTOP-D6IT8EFO" failures="0" tests="7" name="com.sevenmartsupermarket.tests.LoginTest" time="43.182" errors="0" timestamp="2023-05-18T20:58:15 IST" skipped="0">
  <testcase classname="com.sevenmartsupermarket.tests.LoginTest" name="verifySignInButtonEnabled" time="4.984"/>
  <system-out/>
  <testcase classname="com.sevenmartsupermarket.tests.LoginTest" name="verifyInvalidLoginErrorMessage" time="6.670"/>
  <system-out/>
  <testcase classname="com.sevenmartsupermarket.tests.LoginTest" name="verifyLoginFunctionality" time="5.922"/>
  <system-out/>
  <testcase classname="com.sevenmartsupermarket.tests.LoginTest" name="verifyInvalidLogin" time="9.823"/>
  <system-out/>
  <testcase classname="com.sevenmartsupermarket.tests.LoginTest" name="verifyInvalidLogin" time="6.460"/>
  <system-out/>
  <testcase classname="com.sevenmartsupermarket.tests.LoginTest" name="verifyInvalidLogin" time="4.717"/>
  <system-out/>
  <testcase classname="com.sevenmartsupermarket.tests.LoginTest" name="verifyRememberCheckBox" time="4.606"/>
  <system-out/>
</testsuite> <!-- com.sevenmartsupermarket.tests.LoginTest -->
