<?xml version="1.0" encoding="UTF-8"?>
<!-- Generated by org.testng.reporters.JUnitReportReporter -->
<testsuite hostname="LAPTOP-D6IT8EFO" failures="0" tests="1" name="com.sevenmartsupermarket.tests.AdminUsersTest" time="11.808" errors="0" timestamp="2023-05-29T18:45:53 IST" skipped="0">
  <testcase classname="com.sevenmartsupermarket.tests.AdminUsersTest" name="verifyAdminUsers" time="11.808"/>
  <system-out/>
</testsuite> <!-- com.sevenmartsupermarket.tests.AdminUsersTest -->
