<?xml version="1.0" encoding="UTF-8"?>
<!-- Generated by org.testng.reporters.JUnitReportReporter -->
<testsuite hostname="LAPTOP-D6IT8EFO" failures="0" tests="2" name="com.sevenmartsupermarket.tests.AdminUsersTest" time="18.470" errors="0" timestamp="2023-05-23T19:18:49 IST" skipped="0">
  <testcase classname="com.sevenmartsupermarket.tests.AdminUsersTest" name="verifyAdminUserName" time="8.191"/>
  <system-out/>
  <testcase classname="com.sevenmartsupermarket.tests.AdminUsersTest" name="verifyAdminUserName" time="10.279"/>
  <system-out/>
</testsuite> <!-- com.sevenmartsupermarket.tests.AdminUsersTest -->
